<?xml version="1.0" encoding="UTF-8"?>
<!-- Generated by org.testng.reporters.JUnitReportReporter -->
<testsuite hostname="DESKTOP-EMTR17J" failures="0" tests="32" name="runner.runnercucumber" time="13.384" errors="0" timestamp="2023-04-05T18:04:02 EDT" skipped="0">
  <testcase classname="runner.runnercucumber" name="runScenario" time="1.357"/>
  <system-out/>
  <testcase classname="runner.runnercucumber" name="runScenario" time="0.337"/>
  <system-out/>
  <testcase classname="runner.runnercucumber" name="runScenario" time="0.232"/>
  <system-out/>
  <testcase classname="runner.runnercucumber" name="runScenario" time="0.292"/>
  <system-out/>
  <testcase classname="runner.runnercucumber" name="runScenario" time="0.221"/>
  <system-out/>
  <testcase classname="runner.runnercucumber" name="runScenario" time="0.128"/>
  <system-out/>
  <testcase classname="runner.runnercucumber" name="runScenario" time="0.269"/>
  <system-out/>
  <testcase classname="runner.runnercucumber" name="runScenario" time="0.339"/>
  <system-out/>
  <testcase classname="runner.runnercucumber" name="runScenario" time="0.143"/>
  <system-out/>
  <testcase classname="runner.runnercucumber" name="runScenario" time="0.555"/>
  <system-out/>
  <testcase classname="runner.runnercucumber" name="runScenario" time="0.308"/>
  <system-out/>
  <testcase classname="runner.runnercucumber" name="runScenario" time="0.774"/>
  <system-out/>
  <testcase classname="runner.runnercucumber" name="runScenario" time="0.287"/>
  <system-out/>
  <testcase classname="runner.runnercucumber" name="runScenario" time="0.212"/>
  <system-out/>
  <testcase classname="runner.runnercucumber" name="runScenario" time="0.240"/>
  <system-out/>
  <testcase classname="runner.runnercucumber" name="runScenario" time="0.598"/>
  <system-out/>
  <testcase classname="runner.runnercucumber" name="runScenario" time="0.191"/>
  <system-out/>
  <testcase classname="runner.runnercucumber" name="runScenario" time="0.659"/>
  <system-out/>
  <testcase classname="runner.runnercucumber" name="runScenario" time="0.161"/>
  <system-out/>
  <testcase classname="runner.runnercucumber" name="runScenario" time="0.229"/>
  <system-out/>
  <testcase classname="runner.runnercucumber" name="runScenario" time="0.424"/>
  <system-out/>
  <testcase classname="runner.runnercucumber" name="runScenario" time="0.672"/>
  <system-out/>
  <testcase classname="runner.runnercucumber" name="runScenario" time="0.648"/>
  <system-out/>
  <testcase classname="runner.runnercucumber" name="runScenario" time="0.666"/>
  <system-out/>
  <testcase classname="runner.runnercucumber" name="runScenario" time="0.240"/>
  <system-out/>
  <testcase classname="runner.runnercucumber" name="runScenario" time="0.886"/>
  <system-out/>
  <testcase classname="runner.runnercucumber" name="runScenario" time="0.233"/>
  <system-out/>
  <testcase classname="runner.runnercucumber" name="runScenario" time="0.200"/>
  <system-out/>
  <testcase classname="runner.runnercucumber" name="runScenario" time="0.327"/>
  <system-out/>
  <testcase classname="runner.runnercucumber" name="runScenario" time="0.142"/>
  <system-out/>
  <testcase classname="runner.runnercucumber" name="runScenario" time="0.550"/>
  <system-out/>
  <testcase classname="runner.runnercucumber" name="runScenario" time="0.864"/>
  <system-out/>
</testsuite> <!-- runner.runnercucumber -->
