<?xml version="1.0" encoding="UTF-8"?>
<!-- Generated by org.testng.reporters.JUnitReportReporter -->
<testsuite hostname="DESKTOP-EMTR17J" failures="0" tests="3" name="runner.runnercucumber$TestRunner" time="0.333" errors="0" timestamp="2023-03-15T17:05:55 EDT" skipped="0">
  <testcase classname="runner.runnercucumber$TestRunner" name="runScenario" time="0.111"/>
  <system-out/>
  <testcase classname="runner.runnercucumber$TestRunner" name="runScenario" time="0.111"/>
  <system-out/>
  <testcase classname="runner.runnercucumber$TestRunner" name="runScenario" time="0.111"/>
  <system-out/>
</testsuite> <!-- runner.runnercucumber$TestRunner -->
