<?xml version="1.0" encoding="UTF-8"?>
<!-- Generated by org.testng.reporters.JUnitReportReporter -->
<testsuite hostname="DESKTOP-EMTR17J" failures="0" tests="32" name="runner.runnercucumber" time="16.584" errors="0" timestamp="2023-04-05T17:40:53 EDT" skipped="0">
  <testcase classname="runner.runnercucumber" name="runScenario" time="2.526"/>
  <system-out/>
  <testcase classname="runner.runnercucumber" name="runScenario" time="0.365"/>
  <system-out/>
  <testcase classname="runner.runnercucumber" name="runScenario" time="0.308"/>
  <system-out/>
  <testcase classname="runner.runnercucumber" name="runScenario" time="0.351"/>
  <system-out/>
  <testcase classname="runner.runnercucumber" name="runScenario" time="0.259"/>
  <system-out/>
  <testcase classname="runner.runnercucumber" name="runScenario" time="0.155"/>
  <system-out/>
  <testcase classname="runner.runnercucumber" name="runScenario" time="0.279"/>
  <system-out/>
  <testcase classname="runner.runnercucumber" name="runScenario" time="0.399"/>
  <system-out/>
  <testcase classname="runner.runnercucumber" name="runScenario" time="0.146"/>
  <system-out/>
  <testcase classname="runner.runnercucumber" name="runScenario" time="0.822"/>
  <system-out/>
  <testcase classname="runner.runnercucumber" name="runScenario" time="0.342"/>
  <system-out/>
  <testcase classname="runner.runnercucumber" name="runScenario" time="0.481"/>
  <system-out/>
  <testcase classname="runner.runnercucumber" name="runScenario" time="0.326"/>
  <system-out/>
  <testcase classname="runner.runnercucumber" name="runScenario" time="0.267"/>
  <system-out/>
  <testcase classname="runner.runnercucumber" name="runScenario" time="0.286"/>
  <system-out/>
  <testcase classname="runner.runnercucumber" name="runScenario" time="0.761"/>
  <system-out/>
  <testcase classname="runner.runnercucumber" name="runScenario" time="0.265"/>
  <system-out/>
  <testcase classname="runner.runnercucumber" name="runScenario" time="1.088"/>
  <system-out/>
  <testcase classname="runner.runnercucumber" name="runScenario" time="0.155"/>
  <system-out/>
  <testcase classname="runner.runnercucumber" name="runScenario" time="0.269"/>
  <system-out/>
  <testcase classname="runner.runnercucumber" name="runScenario" time="0.292"/>
  <system-out/>
  <testcase classname="runner.runnercucumber" name="runScenario" time="0.704"/>
  <system-out/>
  <testcase classname="runner.runnercucumber" name="runScenario" time="0.687"/>
  <system-out/>
  <testcase classname="runner.runnercucumber" name="runScenario" time="1.034"/>
  <system-out/>
  <testcase classname="runner.runnercucumber" name="runScenario" time="0.270"/>
  <system-out/>
  <testcase classname="runner.runnercucumber" name="runScenario" time="1.210"/>
  <system-out/>
  <testcase classname="runner.runnercucumber" name="runScenario" time="0.269"/>
  <system-out/>
  <testcase classname="runner.runnercucumber" name="runScenario" time="0.363"/>
  <system-out/>
  <testcase classname="runner.runnercucumber" name="runScenario" time="0.435"/>
  <system-out/>
  <testcase classname="runner.runnercucumber" name="runScenario" time="0.198"/>
  <system-out/>
  <testcase classname="runner.runnercucumber" name="runScenario" time="0.499"/>
  <system-out/>
  <testcase classname="runner.runnercucumber" name="runScenario" time="0.773"/>
  <system-out/>
</testsuite> <!-- runner.runnercucumber -->
