<?xml version="1.0" encoding="UTF-8"?>
<!-- Generated by org.testng.reporters.JUnitReportReporter -->
<testsuite hostname="DESKTOP-EMTR17J" failures="0" tests="14" name="runner.runnercucumber" time="4.043" errors="0" timestamp="2023-03-24T16:02:48 EDT" skipped="0">
  <testcase classname="runner.runnercucumber" name="runScenario" time="0.808"/>
  <system-out/>
  <testcase classname="runner.runnercucumber" name="runScenario" time="0.244"/>
  <system-out/>
  <testcase classname="runner.runnercucumber" name="runScenario" time="0.305"/>
  <system-out/>
  <testcase classname="runner.runnercucumber" name="runScenario" time="0.321"/>
  <system-out/>
  <testcase classname="runner.runnercucumber" name="runScenario" time="0.217"/>
  <system-out/>
  <testcase classname="runner.runnercucumber" name="runScenario" time="0.219"/>
  <system-out/>
  <testcase classname="runner.runnercucumber" name="runScenario" time="0.292"/>
  <system-out/>
  <testcase classname="runner.runnercucumber" name="runScenario" time="0.229"/>
  <system-out/>
  <testcase classname="runner.runnercucumber" name="runScenario" time="0.224"/>
  <system-out/>
  <testcase classname="runner.runnercucumber" name="runScenario" time="0.141"/>
  <system-out/>
  <testcase classname="runner.runnercucumber" name="runScenario" time="0.160"/>
  <system-out/>
  <testcase classname="runner.runnercucumber" name="runScenario" time="0.279"/>
  <system-out/>
  <testcase classname="runner.runnercucumber" name="runScenario" time="0.285"/>
  <system-out/>
  <testcase classname="runner.runnercucumber" name="runScenario" time="0.319"/>
  <system-out/>
</testsuite> <!-- runner.runnercucumber -->
