<?xml version="1.0" encoding="UTF-8"?>
<!-- Generated by org.testng.reporters.JUnitReportReporter -->
<testsuite hostname="LAPTOP-O96ATTOQ" failures="0" tests="57" name="runner.runnercucumber" time="51.805" errors="0" timestamp="2023-04-15T21:29:50 CDT" skipped="0">
  <testcase classname="runner.runnercucumber" name="runScenario" time="1.252"/>
  <system-out/>
  <testcase classname="runner.runnercucumber" name="runScenario" time="1.196"/>
  <system-out/>
  <testcase classname="runner.runnercucumber" name="runScenario" time="1.428"/>
  <system-out/>
  <testcase classname="runner.runnercucumber" name="runScenario" time="0.505"/>
  <system-out/>
  <testcase classname="runner.runnercucumber" name="runScenario" time="0.391"/>
  <system-out/>
  <testcase classname="runner.runnercucumber" name="runScenario" time="0.548"/>
  <system-out/>
  <testcase classname="runner.runnercucumber" name="runScenario" time="1.255"/>
  <system-out/>
  <testcase classname="runner.runnercucumber" name="runScenario" time="1.558"/>
  <system-out/>
  <testcase classname="runner.runnercucumber" name="runScenario" time="0.402"/>
  <system-out/>
  <testcase classname="runner.runnercucumber" name="runScenario" time="0.685"/>
  <system-out/>
  <testcase classname="runner.runnercucumber" name="runScenario" time="1.182"/>
  <system-out/>
  <testcase classname="runner.runnercucumber" name="runScenario" time="0.285"/>
  <system-out/>
  <testcase classname="runner.runnercucumber" name="runScenario" time="5.889"/>
  <system-out/>
  <testcase classname="runner.runnercucumber" name="runScenario" time="0.233"/>
  <system-out/>
  <testcase classname="runner.runnercucumber" name="runScenario" time="0.489"/>
  <system-out/>
  <testcase classname="runner.runnercucumber" name="runScenario" time="2.256"/>
  <system-out/>
  <testcase classname="runner.runnercucumber" name="runScenario" time="0.565"/>
  <system-out/>
  <testcase classname="runner.runnercucumber" name="runScenario" time="0.407"/>
  <system-out/>
  <testcase classname="runner.runnercucumber" name="runScenario" time="0.396"/>
  <system-out/>
  <testcase classname="runner.runnercucumber" name="runScenario" time="0.660"/>
  <system-out/>
  <testcase classname="runner.runnercucumber" name="runScenario" time="0.578"/>
  <system-out/>
  <testcase classname="runner.runnercucumber" name="runScenario" time="0.336"/>
  <system-out/>
  <testcase classname="runner.runnercucumber" name="runScenario" time="0.850"/>
  <system-out/>
  <testcase classname="runner.runnercucumber" name="runScenario" time="1.418"/>
  <system-out/>
  <testcase classname="runner.runnercucumber" name="runScenario" time="1.961"/>
  <system-out/>
  <testcase classname="runner.runnercucumber" name="runScenario" time="0.366"/>
  <system-out/>
  <testcase classname="runner.runnercucumber" name="runScenario" time="0.510"/>
  <system-out/>
  <testcase classname="runner.runnercucumber" name="runScenario" time="0.276"/>
  <system-out/>
  <testcase classname="runner.runnercucumber" name="runScenario" time="0.632"/>
  <system-out/>
  <testcase classname="runner.runnercucumber" name="runScenario" time="1.186"/>
  <system-out/>
  <testcase classname="runner.runnercucumber" name="runScenario" time="0.492"/>
  <system-out/>
  <testcase classname="runner.runnercucumber" name="runScenario" time="1.213"/>
  <system-out/>
  <testcase classname="runner.runnercucumber" name="runScenario" time="1.449"/>
  <system-out/>
  <testcase classname="runner.runnercucumber" name="runScenario" time="0.482"/>
  <system-out/>
  <testcase classname="runner.runnercucumber" name="runScenario" time="0.429"/>
  <system-out/>
  <testcase classname="runner.runnercucumber" name="runScenario" time="0.356"/>
  <system-out/>
  <testcase classname="runner.runnercucumber" name="runScenario" time="0.336"/>
  <system-out/>
  <testcase classname="runner.runnercucumber" name="runScenario" time="0.355"/>
  <system-out/>
  <testcase classname="runner.runnercucumber" name="runScenario" time="0.462"/>
  <system-out/>
  <testcase classname="runner.runnercucumber" name="runScenario" time="0.521"/>
  <system-out/>
  <testcase classname="runner.runnercucumber" name="runScenario" time="0.590"/>
  <system-out/>
  <testcase classname="runner.runnercucumber" name="runScenario" time="0.634"/>
  <system-out/>
  <testcase classname="runner.runnercucumber" name="runScenario" time="0.324"/>
  <system-out/>
  <testcase classname="runner.runnercucumber" name="runScenario" time="0.469"/>
  <system-out/>
  <testcase classname="runner.runnercucumber" name="runScenario" time="3.106"/>
  <system-out/>
  <testcase classname="runner.runnercucumber" name="runScenario" time="0.486"/>
  <system-out/>
  <testcase classname="runner.runnercucumber" name="runScenario" time="1.536"/>
  <system-out/>
  <testcase classname="runner.runnercucumber" name="runScenario" time="0.868"/>
  <system-out/>
  <testcase classname="runner.runnercucumber" name="runScenario" time="2.306"/>
  <system-out/>
  <testcase classname="runner.runnercucumber" name="runScenario" time="0.631"/>
  <system-out/>
  <testcase classname="runner.runnercucumber" name="runScenario" time="0.390"/>
  <system-out/>
  <testcase classname="runner.runnercucumber" name="runScenario" time="0.399"/>
  <system-out/>
  <testcase classname="runner.runnercucumber" name="runScenario" time="0.878"/>
  <system-out/>
  <testcase classname="runner.runnercucumber" name="runScenario" time="0.265"/>
  <system-out/>
  <testcase classname="runner.runnercucumber" name="runScenario" time="2.017"/>
  <system-out/>
  <testcase classname="runner.runnercucumber" name="runScenario" time="0.815"/>
  <system-out/>
  <testcase classname="runner.runnercucumber" name="runScenario" time="0.301"/>
  <system-out/>
</testsuite> <!-- runner.runnercucumber -->
